2020-11-02 02:37 -06:00: [2020-11-02 02:37:34]: Loading a total of 5 commands.
2020-11-02 02:37 -06:00: [2020-11-02 02:37:34]: Loading Command: help. 
2020-11-02 02:37 -06:00: [2020-11-02 02:37:34]: Loading Command: mylevel. 
2020-11-02 02:37 -06:00: [2020-11-02 02:37:34]: Loading Command: ping. 
2020-11-02 02:37 -06:00: [2020-11-02 02:37:34]: Loading Command: reboot. 
2020-11-02 02:37 -06:00: [2020-11-02 02:37:34]: Loading Command: stats. 
2020-11-02 02:37 -06:00: [2020-11-02 02:37:34]: 
2020-11-02 02:37 -06:00: [2020-11-02 02:37:34]: Loading a total of 2 events.
2020-11-02 02:37 -06:00: [2020-11-02 02:37:34]: Loading Event: message
2020-11-02 02:37 -06:00: [2020-11-02 02:37:34]: Loading Event: ready
2020-11-02 02:37 -06:00: [2020-11-02 02:37:35]: TIME Bots 5275#8904, ready to serve 1 users in 2 servers.
2020-11-02 02:37 -06:00: [2020-11-02 02:37:51]: Loading a total of 5 commands.
2020-11-02 02:37 -06:00: [2020-11-02 02:37:51]: Loading Command: help. 
2020-11-02 02:37 -06:00: [2020-11-02 02:37:51]: Loading Command: mylevel. 
2020-11-02 02:37 -06:00: [2020-11-02 02:37:51]: Loading Command: ping. 
2020-11-02 02:37 -06:00: [2020-11-02 02:37:51]: Loading Command: reboot. 
2020-11-02 02:37 -06:00: [2020-11-02 02:37:51]: Loading Command: stats. 
2020-11-02 02:37 -06:00: [2020-11-02 02:37:51]: 
2020-11-02 02:37 -06:00: [2020-11-02 02:37:51]: Loading a total of 2 events.
2020-11-02 02:37 -06:00: [2020-11-02 02:37:51]: Loading Event: message
2020-11-02 02:37 -06:00: [2020-11-02 02:37:51]: Loading Event: ready
2020-11-02 02:37 -06:00: [2020-11-02 02:37:52]: TIME Bots 5275#8904, ready to serve 1 users in 2 servers.
2020-11-02 02:38 -06:00: [2020-11-02 02:38:15]: Loading a total of 5 commands.
2020-11-02 02:38 -06:00: [2020-11-02 02:38:15]: Loading Command: help. 
2020-11-02 02:38 -06:00: [2020-11-02 02:38:15]: Loading Command: mylevel. 
2020-11-02 02:38 -06:00: [2020-11-02 02:38:15]: Loading Command: ping. 
2020-11-02 02:38 -06:00: [2020-11-02 02:38:15]: Loading Command: reboot. 
2020-11-02 02:38 -06:00: [2020-11-02 02:38:15]: Loading Command: stats. 
2020-11-02 02:38 -06:00: [2020-11-02 02:38:15]: 
2020-11-02 02:38 -06:00: [2020-11-02 02:38:15]: Loading a total of 2 events.
2020-11-02 02:38 -06:00: [2020-11-02 02:38:15]: Loading Event: message
2020-11-02 02:38 -06:00: [2020-11-02 02:38:15]: Loading Event: ready
2020-11-02 02:38 -06:00: [2020-11-02 02:38:16]: TIME Bots 5275#8904, ready to serve 1 users in 2 servers.
2020-11-08 03:17 -06:00: [
2020-11-08 03:17 -06:00:   {
2020-11-08 03:17 -06:00:     name: 'Mechanical',
2020-11-08 03:17 -06:00:     clickup: 16995360,
2020-11-08 03:17 -06:00:     discord: 480753292289507300
2020-11-08 03:17 -06:00:   },
2020-11-08 03:17 -06:00:   { name: 'CAD', clickup: 16804750, discord: 480753292289507300 },
2020-11-08 03:17 -06:00:   { name: 'Controls', clickup: 16804753, discord: 480753292289507300 },
2020-11-08 03:17 -06:00:   {
2020-11-08 03:17 -06:00:     name: 'Community Impact',
2020-11-08 03:17 -06:00:     clickup: 16804755,
2020-11-08 03:17 -06:00:     discord: 480753292289507300
2020-11-08 03:17 -06:00:   },
2020-11-08 03:17 -06:00:   { name: 'Finance', clickup: 0, discord: 0 },
2020-11-08 03:17 -06:00:   { name: 'Safety', clickup: 16804752, discord: 480753292289507300 }
2020-11-08 03:17 -06:00: ]
2020-11-08 03:17 -06:00: [
2020-11-08 03:17 -06:00:   {
2020-11-08 03:17 -06:00:     name: 'Mechanical',
2020-11-08 03:17 -06:00:     clickup: 16995360,
2020-11-08 03:17 -06:00:     discord: 480753292289507300
2020-11-08 03:17 -06:00:   },
2020-11-08 03:17 -06:00:   { name: 'CAD', clickup: 16804750, discord: 480753292289507300 },
2020-11-08 03:17 -06:00:   { name: 'Controls', clickup: 16804753, discord: 480753292289507300 },
2020-11-08 03:17 -06:00:   {
2020-11-08 03:17 -06:00:     name: 'Community Impact',
2020-11-08 03:17 -06:00:     clickup: 16804755,
2020-11-08 03:17 -06:00:     discord: 480753292289507300
2020-11-08 03:17 -06:00:   },
2020-11-08 03:17 -06:00:   { name: 'Finance', clickup: 0, discord: 0 },
2020-11-08 03:17 -06:00:   { name: 'Safety', clickup: 16804752, discord: 480753292289507300 }
2020-11-08 03:17 -06:00: ]
2020-11-08 03:17 -06:00: Loading a total of 8 commands.
2020-11-08 03:17 -06:00: Loading Command: clickup
2020-11-08 03:17 -06:00: Loading Command: clickupUser
2020-11-08 03:17 -06:00: Loading Command: help
2020-11-08 03:17 -06:00: Loading Command: mylevel
2020-11-08 03:17 -06:00: Loading Command: ping
2020-11-08 03:17 -06:00: Loading Command: readline
2020-11-08 03:17 -06:00: Loading Command: reboot
2020-11-08 03:17 -06:00: Loading Command: stats
2020-11-08 03:17 -06:00: 
2020-11-08 03:17 -06:00: Loading a total of 2 events.
2020-11-08 03:17 -06:00: Loading Event: message
2020-11-08 03:17 -06:00: Loading Event: ready
2020-11-08 03:17 -06:00: [
2020-11-08 03:17 -06:00:   {
2020-11-08 03:17 -06:00:     name: 'Mechanical',
2020-11-08 03:17 -06:00:     clickup: 16995360,
2020-11-08 03:17 -06:00:     discord: 480753292289507300
2020-11-08 03:17 -06:00:   },
2020-11-08 03:17 -06:00:   { name: 'CAD', clickup: 16804750, discord: 480753292289507300 },
2020-11-08 03:17 -06:00:   { name: 'Controls', clickup: 16804753, discord: 480753292289507300 },
2020-11-08 03:17 -06:00:   {
2020-11-08 03:17 -06:00:     name: 'Community Impact',
2020-11-08 03:17 -06:00:     clickup: 16804755,
2020-11-08 03:17 -06:00:     discord: 480753292289507300
2020-11-08 03:17 -06:00:   },
2020-11-08 03:17 -06:00:   { name: 'Finance', clickup: 0, discord: 0 },
2020-11-08 03:17 -06:00:   { name: 'Safety', clickup: 16804752, discord: 480753292289507300 }
2020-11-08 03:17 -06:00: ]
2020-11-08 03:17 -06:00: [
2020-11-08 03:17 -06:00:   {
2020-11-08 03:17 -06:00:     name: 'Mechanical',
2020-11-08 03:17 -06:00:     clickup: 16995360,
2020-11-08 03:17 -06:00:     discord: 480753292289507300
2020-11-08 03:17 -06:00:   },
2020-11-08 03:17 -06:00:   { name: 'CAD', clickup: 16804750, discord: 480753292289507300 },
2020-11-08 03:17 -06:00:   { name: 'Controls', clickup: 16804753, discord: 480753292289507300 },
2020-11-08 03:17 -06:00:   {
2020-11-08 03:17 -06:00:     name: 'Community Impact',
2020-11-08 03:17 -06:00:     clickup: 16804755,
2020-11-08 03:17 -06:00:     discord: 480753292289507300
2020-11-08 03:17 -06:00:   },
2020-11-08 03:17 -06:00:   { name: 'Finance', clickup: 0, discord: 0 },
2020-11-08 03:17 -06:00:   { name: 'Safety', clickup: 16804752, discord: 480753292289507300 }
2020-11-08 03:17 -06:00: ]
2020-11-08 03:17 -06:00: Loading a total of 8 commands.
2020-11-08 03:17 -06:00: Loading Command: clickup
2020-11-08 03:17 -06:00: Loading Command: clickupUser
2020-11-08 03:17 -06:00: Loading Command: help
2020-11-08 03:17 -06:00: Loading Command: mylevel
2020-11-08 03:17 -06:00: Loading Command: ping
2020-11-08 03:17 -06:00: Loading Command: readline
2020-11-08 03:17 -06:00: Loading Command: reboot
2020-11-08 03:17 -06:00: Loading Command: stats
2020-11-08 03:17 -06:00: 
2020-11-08 03:17 -06:00: Loading a total of 2 events.
2020-11-08 03:17 -06:00: Loading Event: message
2020-11-08 03:17 -06:00: Loading Event: ready
2020-11-08 03:17 -06:00: TIME Bots 5275#8904, ready to serve 1 users in 2 servers.
2020-11-08 03:17 -06:00: Logged in as TIME Bots 5275#8904!
2020-11-08 03:17 -06:00: undefined
2020-11-08 03:17 -06:00: userlist > file.json
